<?xml version="1.0" encoding="UTF-8"?>
<testng-results skipped="1" failed="0" total="1" passed="0">
  <reporter-output>
  </reporter-output>
  <suite name="Default suite" duration-ms="47" started-at="2017-03-08T05:20:52Z" finished-at="2017-03-08T05:20:52Z">
    <groups>
    </groups>
    <test name="Default test" duration-ms="47" started-at="2017-03-08T05:20:52Z" finished-at="2017-03-08T05:20:52Z">
      <class name="demo.VerifyTitleGrid">
        <test-method status="FAIL" signature="openBrowser()[pri:0, instance:demo.VerifyTitleGrid@7823a2f9]" name="openBrowser" is-config="true" duration-ms="0" started-at="2017-03-08T00:20:52Z" finished-at="2017-03-08T00:20:52Z">
          <exception class="java.net.MalformedURLException">
            <message>
              <![CDATA[no protocol: 192.168.1.199]]>
            </message>
            <full-stacktrace>
              <![CDATA[java.net.MalformedURLException: no protocol: 192.168.1.199
	at java.net.URL.<init>(Unknown Source)
	at java.net.URL.<init>(Unknown Source)
	at java.net.URL.<init>(Unknown Source)
	at demo.VerifyTitleGrid.openBrowser(VerifyTitleGrid.java:24)
	at sun.reflect.NativeMethodAccessorImpl.invoke0(Native Method)
	at sun.reflect.NativeMethodAccessorImpl.invoke(Unknown Source)
	at sun.reflect.DelegatingMethodAccessorImpl.invoke(Unknown Source)
	at java.lang.reflect.Method.invoke(Unknown Source)
	at org.testng.internal.MethodInvocationHelper.invokeMethod(MethodInvocationHelper.java:85)
	at org.testng.internal.Invoker.invokeConfigurationMethod(Invoker.java:510)
	at org.testng.internal.Invoker.invokeConfigurations(Invoker.java:211)
	at org.testng.internal.Invoker.invokeConfigurations(Invoker.java:138)
	at org.testng.TestRunner.beforeRun(TestRunner.java:648)
	at org.testng.TestRunner.run(TestRunner.java:616)
	at org.testng.SuiteRunner.runTest(SuiteRunner.java:359)
	at org.testng.SuiteRunner.runSequentially(SuiteRunner.java:354)
	at org.testng.SuiteRunner.privateRun(SuiteRunner.java:312)
	at org.testng.SuiteRunner.run(SuiteRunner.java:261)
	at org.testng.SuiteRunnerWorker.runSuite(SuiteRunnerWorker.java:52)
	at org.testng.SuiteRunnerWorker.run(SuiteRunnerWorker.java:86)
	at org.testng.TestNG.runSuitesSequentially(TestNG.java:1215)
	at org.testng.TestNG.runSuitesLocally(TestNG.java:1140)
	at org.testng.TestNG.run(TestNG.java:1048)
	at org.testng.remote.AbstractRemoteTestNG.run(AbstractRemoteTestNG.java:132)
	at org.testng.remote.RemoteTestNG.initAndRun(RemoteTestNG.java:236)
	at org.testng.remote.RemoteTestNG.main(RemoteTestNG.java:81)
]]>
            </full-stacktrace>
          </exception> <!-- java.net.MalformedURLException -->
          <reporter-output>
          </reporter-output>
        </test-method> <!-- openBrowser -->
        <test-method status="SKIP" signature="titleVerification()[pri:0, instance:demo.VerifyTitleGrid@7823a2f9]" name="titleVerification" duration-ms="0" started-at="2017-03-08T00:20:52Z" finished-at="2017-03-08T00:20:52Z">
          <reporter-output>
          </reporter-output>
        </test-method> <!-- titleVerification -->
        <test-method status="SKIP" signature="closeBrowser()[pri:0, instance:demo.VerifyTitleGrid@7823a2f9]" name="closeBrowser" is-config="true" duration-ms="0" started-at="2017-03-08T00:20:52Z" finished-at="2017-03-08T00:20:52Z">
          <reporter-output>
          </reporter-output>
        </test-method> <!-- closeBrowser -->
      </class> <!-- demo.VerifyTitleGrid -->
    </test> <!-- Default test -->
  </suite> <!-- Default suite -->
</testng-results>
