<?xml version="1.0" encoding="UTF-8"?>
<!-- Generated by org.testng.reporters.JUnitXMLReporter -->
<testsuite hostname="FORHAD-PC" name="EdgeTest" tests="2" failures="1" timestamp="7 Mar 2017 06:31:19 GMT" time="3.922" errors="0">
  <testcase name="verifyTitle" time="0.126" classname="demo.CBT"/>
  <testcase name="verifyText" time="0.109" classname="demo.CBT">
    <failure type="java.lang.AssertionError" message="expected [See photos and updates] but found [ See photos and updates ]">
      <![CDATA[java.lang.AssertionError: expected [See photos and updates] but found [ See photos and updates ]
	at demo.CBT.verifyText(CBT.java:52)
... Removed 29 stack frames]]>
    </failure>
  </testcase> <!-- verifyText -->
</testsuite> <!-- EdgeTest -->
